<?xml version="1.0" encoding="UTF-8"?>
<!-- Generated by org.testng.reporters.JUnitReportReporter -->
<testsuite hostname="avijdas4" failures="0" tests="1" name="com.ibm.jenkins.com.ibm.jenkins.LaunchApplication" time="0.005" errors="0" timestamp="04 Jan 2019 05:09:17 GMT" skipped="0">
  <testcase classname="com.ibm.jenkins.com.ibm.jenkins.LaunchApplication" name="f" time="0.005"/>
</testsuite> <!-- com.ibm.jenkins.com.ibm.jenkins.LaunchApplication -->
